<?xml version="1.0" encoding="UTF-8"?>
<!-- Generated by org.testng.reporters.JUnitXMLReporter -->
<testsuite ignored="0" hostname="DESKTOP-5BL4P1H" failures="0" tests="7" name="Default test" time="40.729" errors="0" timestamp="2025-04-15T23:07:17 IST">
  <testcase classname="seleniumFramework.FirstDriver" name="alerts" time="0.741"/>
  <testcase classname="seleniumFramework.FirstDriver" name="radioButton" time="7.222"/>
  <testcase classname="seleniumFramework.FirstDriver" name="suggestions" time="0.739"/>
  <testcase classname="seleniumFramework.FirstDriver" name="dropdown" time="0.548"/>
  <testcase classname="seleniumFramework.FirstDriver" name="checkbox" time="0.4"/>
  <testcase classname="seleniumFramework.FirstDriver" name="windowHandles" time="7.842"/>
  <testcase classname="seleniumFramework.FirstDriver" name="switchTab" time="2.967"/>
</testsuite> <!-- Default test -->
