<?xml version="1.0" encoding="UTF-8"?>
<!-- Generated by org.testng.reporters.JUnitXMLReporter -->
<testsuite ignored="0" hostname="DESKTOP-5BL4P1H" failures="0" tests="10" name="Default test" time="326.448" errors="0" timestamp="2025-04-16T18:13:05 IST">
  <testcase classname="seleniumFramework.FirstDriver" name="radioButton" time="6.413"/>
  <testcase classname="seleniumFramework.FirstDriver" name="suggestions" time="0.445"/>
  <testcase classname="seleniumFramework.FirstDriver" name="dropdown" time="0.175"/>
  <testcase classname="seleniumFramework.FirstDriver" name="checkbox" time="0.13"/>
  <testcase classname="seleniumFramework.FirstDriver" name="windowHandles" time="2.764"/>
  <testcase classname="seleniumFramework.FirstDriver" name="switchTab" time="0.65"/>
  <testcase classname="seleniumFramework.FirstDriver" name="alerts" time="0.304"/>
  <testcase classname="seleniumFramework.FirstDriver" name="scrollAction" time="6.074"/>
  <testcase classname="seleniumFramework.FirstDriver" name="elementVisibility" time="0.189"/>
  <testcase classname="seleniumFramework.FirstDriver" name="mousehover" time="0.234"/>
</testsuite> <!-- Default test -->
