<?xml version="1.0" encoding="UTF-8"?>
<!-- Generated by org.testng.reporters.JUnitXMLReporter -->
<testsuite ignored="0" hostname="DESKTOP-5BL4P1H" failures="0" tests="16" name="Test" time="76.162" errors="0" timestamp="2025-05-04T15:29:43 IST">
  <testcase classname="seleniumFramework.Omayo" name="Select" time="30.765"/>
  <testcase classname="seleniumFramework.Omayo" name="dropdown" time="0.179"/>
  <testcase classname="seleniumFramework.Omayo" name="isButtonEnabled" time="0.037"/>
  <testcase classname="seleniumFramework.Omayo" name="uploadFile" time="7.82"/>
  <testcase classname="seleniumFramework.PracticePage" name="radioButton" time="14.239"/>
  <testcase classname="seleniumFramework.PracticePage" name="suggestions" time="0.854"/>
  <testcase classname="seleniumFramework.PracticePage" name="dropdown" time="0.594"/>
  <testcase classname="seleniumFramework.PracticePage" name="checkbox" time="0.5"/>
  <testcase classname="seleniumFramework.PracticePage" name="windowHandles" time="4.348"/>
  <testcase classname="seleniumFramework.PracticePage" name="switchTab" time="1.939"/>
  <testcase classname="seleniumFramework.PracticePage" name="alerts" time="0.687"/>
  <testcase classname="seleniumFramework.PracticePage" name="scrollAction" time="0.086"/>
  <testcase classname="seleniumFramework.PracticePage" name="elementVisibility" time="0.693"/>
  <testcase classname="seleniumFramework.PracticePage" name="mousehover" time="0.338"/>
  <testcase classname="seleniumFramework.PracticePage" name="frames" time="0.364"/>
  <testcase classname="seleniumFramework.PracticePage" name="table" time="0.433"/>
</testsuite> <!-- Test -->
