<?xml version="1.0" encoding="UTF-8"?>
<!-- Generated by org.testng.reporters.JUnitXMLReporter -->
<testsuite ignored="0" hostname="DESKTOP-5BL4P1H" failures="0" tests="12" name="Test on chrome" time="54.619" errors="0" timestamp="2025-05-04T15:08:04 IST">
  <testcase classname="seleniumFramework.PracticePage" name="radioButton" time="28.784"/>
  <testcase classname="seleniumFramework.PracticePage" name="suggestions" time="0.811"/>
  <testcase classname="seleniumFramework.PracticePage" name="dropdown" time="0.665"/>
  <testcase classname="seleniumFramework.PracticePage" name="checkbox" time="0.272"/>
  <testcase classname="seleniumFramework.PracticePage" name="windowHandles" time="12.516"/>
  <testcase classname="seleniumFramework.PracticePage" name="switchTab" time="1.823"/>
  <testcase classname="seleniumFramework.PracticePage" name="alerts" time="0.545"/>
  <testcase classname="seleniumFramework.PracticePage" name="scrollAction" time="0.103"/>
  <testcase classname="seleniumFramework.PracticePage" name="elementVisibility" time="0.866"/>
  <testcase classname="seleniumFramework.PracticePage" name="mousehover" time="0.386"/>
  <testcase classname="seleniumFramework.PracticePage" name="frames" time="0.406"/>
  <testcase classname="seleniumFramework.PracticePage" name="table" time="0.276"/>
</testsuite> <!-- Test on chrome -->
