<?xml version="1.0" encoding="UTF-8"?>
<!-- Generated by org.testng.reporters.JUnitXMLReporter -->
<testsuite ignored="0" hostname="DESKTOP-5BL4P1H" failures="0" tests="12" name="Test on firefox" time="31.928" errors="0" timestamp="2025-04-17T13:40:38 IST">
  <testcase classname="seleniumFramework.PracticePage" name="radioButton" time="1.293"/>
  <testcase classname="seleniumFramework.PracticePage" name="suggestions" time="0.801"/>
  <testcase classname="seleniumFramework.PracticePage" name="dropdown" time="0.568"/>
  <testcase classname="seleniumFramework.PracticePage" name="checkbox" time="0.454"/>
  <testcase classname="seleniumFramework.PracticePage" name="windowHandles" time="1.011"/>
  <testcase classname="seleniumFramework.PracticePage" name="switchTab" time="0.299"/>
  <testcase classname="seleniumFramework.PracticePage" name="alerts" time="0.517"/>
  <testcase classname="seleniumFramework.PracticePage" name="scrollAction" time="0.071"/>
  <testcase classname="seleniumFramework.PracticePage" name="elementVisibility" time="0.64"/>
  <testcase classname="seleniumFramework.PracticePage" name="mousehover" time="0.305"/>
  <testcase classname="seleniumFramework.PracticePage" name="frames" time="0.121"/>
  <testcase classname="seleniumFramework.PracticePage" name="table" time="0.209"/>
</testsuite> <!-- Test on firefox -->
