<?xml version="1.0" encoding="UTF-8"?>
<!-- Generated by org.testng.reporters.JUnitXMLReporter -->
<testsuite ignored="0" hostname="DESKTOP-5BL4P1H" failures="0" tests="12" name="Test on chrome" time="29.666" errors="0" timestamp="2025-04-17T13:40:36 IST">
  <testcase classname="seleniumFramework.PracticePage" name="radioButton" time="0.691"/>
  <testcase classname="seleniumFramework.PracticePage" name="suggestions" time="0.599"/>
  <testcase classname="seleniumFramework.PracticePage" name="dropdown" time="0.667"/>
  <testcase classname="seleniumFramework.PracticePage" name="checkbox" time="0.367"/>
  <testcase classname="seleniumFramework.PracticePage" name="windowHandles" time="5.345"/>
  <testcase classname="seleniumFramework.PracticePage" name="switchTab" time="1.228"/>
  <testcase classname="seleniumFramework.PracticePage" name="alerts" time="0.537"/>
  <testcase classname="seleniumFramework.PracticePage" name="scrollAction" time="0.107"/>
  <testcase classname="seleniumFramework.PracticePage" name="elementVisibility" time="1.091"/>
  <testcase classname="seleniumFramework.PracticePage" name="mousehover" time="0.323"/>
  <testcase classname="seleniumFramework.PracticePage" name="frames" time="0.258"/>
  <testcase classname="seleniumFramework.PracticePage" name="table" time="0.373"/>
</testsuite> <!-- Test on chrome -->
