<?xml version="1.0" encoding="UTF-8"?>
<!-- Generated by org.testng.reporters.JUnitXMLReporter -->
<testsuite ignored="0" hostname="DESKTOP-5BL4P1H" failures="0" tests="12" name="Test on firefox" time="54.882" errors="0" timestamp="2025-05-04T15:08:05 IST">
  <testcase classname="seleniumFramework.PracticePage" name="radioButton" time="30.496"/>
  <testcase classname="seleniumFramework.PracticePage" name="suggestions" time="0.741"/>
  <testcase classname="seleniumFramework.PracticePage" name="dropdown" time="0.849"/>
  <testcase classname="seleniumFramework.PracticePage" name="checkbox" time="0.545"/>
  <testcase classname="seleniumFramework.PracticePage" name="windowHandles" time="1.299"/>
  <testcase classname="seleniumFramework.PracticePage" name="switchTab" time="0.484"/>
  <testcase classname="seleniumFramework.PracticePage" name="alerts" time="0.555"/>
  <testcase classname="seleniumFramework.PracticePage" name="scrollAction" time="0.082"/>
  <testcase classname="seleniumFramework.PracticePage" name="elementVisibility" time="0.744"/>
  <testcase classname="seleniumFramework.PracticePage" name="mousehover" time="0.256"/>
  <testcase classname="seleniumFramework.PracticePage" name="frames" time="0.173"/>
  <testcase classname="seleniumFramework.PracticePage" name="table" time="0.302"/>
</testsuite> <!-- Test on firefox -->
