<?xml version="1.0" encoding="UTF-8"?>
<testng-results ignored="0" total="10" passed="10" failed="0" skipped="0">
  <reporter-output>
  </reporter-output>
  <suite started-at="2025-04-16T18:07:39 IST" name="Default suite" finished-at="2025-04-16T18:13:05 IST" duration-ms="326448">
    <groups>
    </groups>
    <test started-at="2025-04-16T18:07:39 IST" name="Default test" finished-at="2025-04-16T18:13:05 IST" duration-ms="326448">
      <class name="seleniumFramework.FirstDriver">
        <test-method is-config="true" signature="initialise()[pri:0, instance:seleniumFramework.FirstDriver@2e3967ea]" started-at="2025-04-16T18:07:39 IST" name="initialise" finished-at="2025-04-16T18:12:45 IST" duration-ms="305824" status="PASS">
          <reporter-output>
          </reporter-output>
        </test-method> <!-- initialise -->
        <test-method signature="radioButton()[pri:1, instance:seleniumFramework.FirstDriver@2e3967ea]" started-at="2025-04-16T18:12:45 IST" name="radioButton" finished-at="2025-04-16T18:12:51 IST" duration-ms="6413" status="PASS">
          <reporter-output>
          </reporter-output>
        </test-method> <!-- radioButton -->
        <test-method signature="suggestions()[pri:2, instance:seleniumFramework.FirstDriver@2e3967ea]" started-at="2025-04-16T18:12:51 IST" name="suggestions" finished-at="2025-04-16T18:12:51 IST" duration-ms="445" status="PASS">
          <reporter-output>
          </reporter-output>
        </test-method> <!-- suggestions -->
        <test-method signature="dropdown()[pri:3, instance:seleniumFramework.FirstDriver@2e3967ea]" started-at="2025-04-16T18:12:51 IST" name="dropdown" finished-at="2025-04-16T18:12:52 IST" duration-ms="175" status="PASS">
          <reporter-output>
          </reporter-output>
        </test-method> <!-- dropdown -->
        <test-method signature="checkbox()[pri:4, instance:seleniumFramework.FirstDriver@2e3967ea]" started-at="2025-04-16T18:12:52 IST" name="checkbox" finished-at="2025-04-16T18:12:52 IST" duration-ms="130" status="PASS">
          <reporter-output>
          </reporter-output>
        </test-method> <!-- checkbox -->
        <test-method signature="windowHandles()[pri:5, instance:seleniumFramework.FirstDriver@2e3967ea]" started-at="2025-04-16T18:12:52 IST" name="windowHandles" finished-at="2025-04-16T18:12:55 IST" duration-ms="2764" status="PASS">
          <reporter-output>
          </reporter-output>
        </test-method> <!-- windowHandles -->
        <test-method signature="switchTab()[pri:6, instance:seleniumFramework.FirstDriver@2e3967ea]" started-at="2025-04-16T18:12:55 IST" name="switchTab" finished-at="2025-04-16T18:12:55 IST" duration-ms="650" status="PASS">
          <reporter-output>
          </reporter-output>
        </test-method> <!-- switchTab -->
        <test-method signature="alerts()[pri:7, instance:seleniumFramework.FirstDriver@2e3967ea]" started-at="2025-04-16T18:12:55 IST" name="alerts" finished-at="2025-04-16T18:12:55 IST" duration-ms="304" status="PASS">
          <reporter-output>
          </reporter-output>
        </test-method> <!-- alerts -->
        <test-method signature="scrollAction()[pri:8, instance:seleniumFramework.FirstDriver@2e3967ea]" started-at="2025-04-16T18:12:55 IST" name="scrollAction" finished-at="2025-04-16T18:13:02 IST" duration-ms="6074" status="PASS">
          <reporter-output>
          </reporter-output>
        </test-method> <!-- scrollAction -->
        <test-method signature="elementVisibility()[pri:9, instance:seleniumFramework.FirstDriver@2e3967ea]" started-at="2025-04-16T18:13:02 IST" name="elementVisibility" finished-at="2025-04-16T18:13:02 IST" duration-ms="189" status="PASS">
          <reporter-output>
          </reporter-output>
        </test-method> <!-- elementVisibility -->
        <test-method signature="mousehover()[pri:10, instance:seleniumFramework.FirstDriver@2e3967ea]" started-at="2025-04-16T18:13:02 IST" name="mousehover" finished-at="2025-04-16T18:13:02 IST" duration-ms="234" status="PASS">
          <reporter-output>
          </reporter-output>
        </test-method> <!-- mousehover -->
        <test-method is-config="true" signature="teardown()[pri:0, instance:seleniumFramework.FirstDriver@2e3967ea]" started-at="2025-04-16T18:13:02 IST" name="teardown" finished-at="2025-04-16T18:13:05 IST" duration-ms="3196" status="PASS">
          <reporter-output>
          </reporter-output>
        </test-method> <!-- teardown -->
      </class> <!-- seleniumFramework.FirstDriver -->
    </test> <!-- Default test -->
  </suite> <!-- Default suite -->
</testng-results>
