<?xml version="1.0" encoding="UTF-8"?>
<testng-results ignored="0" total="24" passed="24" failed="0" skipped="0">
  <reporter-output>
  </reporter-output>
  <suite started-at="2025-04-17T13:40:06 IST" name="Suite" finished-at="2025-04-17T13:40:38 IST" duration-ms="31929">
    <groups>
    </groups>
    <test started-at="2025-04-17T13:40:06 IST" name="Test on chrome" finished-at="2025-04-17T13:40:36 IST" duration-ms="29666">
      <class name="seleniumFramework.PracticePage">
        <test-method is-config="true" signature="setup(java.lang.String)[pri:0, instance:seleniumFramework.PracticePage@4d1bf319]" started-at="2025-04-17T13:40:06 IST" name="setup" finished-at="2025-04-17T13:40:21 IST" duration-ms="14547" status="PASS">
          <params>
            <param index="0">
              <value>
                <![CDATA[chrome]]>
              </value>
            </param>
          </params>
          <reporter-output>
          </reporter-output>
        </test-method> <!-- setup -->
        <test-method signature="radioButton()[pri:1, instance:seleniumFramework.PracticePage@4d1bf319]" started-at="2025-04-17T13:40:21 IST" name="radioButton" finished-at="2025-04-17T13:40:22 IST" duration-ms="691" status="PASS">
          <reporter-output>
          </reporter-output>
        </test-method> <!-- radioButton -->
        <test-method signature="suggestions()[pri:2, instance:seleniumFramework.PracticePage@4d1bf319]" started-at="2025-04-17T13:40:22 IST" name="suggestions" finished-at="2025-04-17T13:40:22 IST" duration-ms="599" status="PASS">
          <reporter-output>
          </reporter-output>
        </test-method> <!-- suggestions -->
        <test-method signature="dropdown()[pri:3, instance:seleniumFramework.PracticePage@4d1bf319]" started-at="2025-04-17T13:40:22 IST" name="dropdown" finished-at="2025-04-17T13:40:23 IST" duration-ms="667" status="PASS">
          <reporter-output>
          </reporter-output>
        </test-method> <!-- dropdown -->
        <test-method signature="checkbox()[pri:4, instance:seleniumFramework.PracticePage@4d1bf319]" started-at="2025-04-17T13:40:23 IST" name="checkbox" finished-at="2025-04-17T13:40:23 IST" duration-ms="367" status="PASS">
          <reporter-output>
          </reporter-output>
        </test-method> <!-- checkbox -->
        <test-method signature="windowHandles()[pri:5, instance:seleniumFramework.PracticePage@4d1bf319]" started-at="2025-04-17T13:40:23 IST" name="windowHandles" finished-at="2025-04-17T13:40:29 IST" duration-ms="5345" status="PASS">
          <reporter-output>
          </reporter-output>
        </test-method> <!-- windowHandles -->
        <test-method signature="switchTab()[pri:6, instance:seleniumFramework.PracticePage@4d1bf319]" started-at="2025-04-17T13:40:29 IST" name="switchTab" finished-at="2025-04-17T13:40:30 IST" duration-ms="1228" status="PASS">
          <reporter-output>
          </reporter-output>
        </test-method> <!-- switchTab -->
        <test-method signature="alerts()[pri:7, instance:seleniumFramework.PracticePage@4d1bf319]" started-at="2025-04-17T13:40:30 IST" name="alerts" finished-at="2025-04-17T13:40:30 IST" duration-ms="537" status="PASS">
          <reporter-output>
          </reporter-output>
        </test-method> <!-- alerts -->
        <test-method signature="scrollAction()[pri:8, instance:seleniumFramework.PracticePage@4d1bf319]" started-at="2025-04-17T13:40:30 IST" name="scrollAction" finished-at="2025-04-17T13:40:31 IST" duration-ms="107" status="PASS">
          <reporter-output>
          </reporter-output>
        </test-method> <!-- scrollAction -->
        <test-method signature="elementVisibility()[pri:9, instance:seleniumFramework.PracticePage@4d1bf319]" started-at="2025-04-17T13:40:31 IST" name="elementVisibility" finished-at="2025-04-17T13:40:32 IST" duration-ms="1091" status="PASS">
          <reporter-output>
          </reporter-output>
        </test-method> <!-- elementVisibility -->
        <test-method signature="mousehover()[pri:10, instance:seleniumFramework.PracticePage@4d1bf319]" started-at="2025-04-17T13:40:32 IST" name="mousehover" finished-at="2025-04-17T13:40:32 IST" duration-ms="323" status="PASS">
          <reporter-output>
          </reporter-output>
        </test-method> <!-- mousehover -->
        <test-method signature="frames()[pri:11, instance:seleniumFramework.PracticePage@4d1bf319]" started-at="2025-04-17T13:40:32 IST" name="frames" finished-at="2025-04-17T13:40:32 IST" duration-ms="258" status="PASS">
          <reporter-output>
          </reporter-output>
        </test-method> <!-- frames -->
        <test-method signature="table()[pri:12, instance:seleniumFramework.PracticePage@4d1bf319]" started-at="2025-04-17T13:40:32 IST" name="table" finished-at="2025-04-17T13:40:33 IST" duration-ms="373" status="PASS">
          <reporter-output>
          </reporter-output>
        </test-method> <!-- table -->
        <test-method is-config="true" signature="teardown()[pri:0, instance:seleniumFramework.PracticePage@4d1bf319]" started-at="2025-04-17T13:40:33 IST" name="teardown" finished-at="2025-04-17T13:40:36 IST" duration-ms="3432" status="PASS">
          <reporter-output>
          </reporter-output>
        </test-method> <!-- teardown -->
      </class> <!-- seleniumFramework.PracticePage -->
    </test> <!-- Test on chrome -->
    <test started-at="2025-04-17T13:40:06 IST" name="Test on firefox" finished-at="2025-04-17T13:40:38 IST" duration-ms="31928">
      <class name="seleniumFramework.PracticePage">
        <test-method is-config="true" signature="setup(java.lang.String)[pri:0, instance:seleniumFramework.PracticePage@5884a914]" started-at="2025-04-17T13:40:06 IST" name="setup" finished-at="2025-04-17T13:40:27 IST" duration-ms="20911" status="PASS">
          <params>
            <param index="0">
              <value>
                <![CDATA[firefox]]>
              </value>
            </param>
          </params>
          <reporter-output>
          </reporter-output>
        </test-method> <!-- setup -->
        <test-method signature="radioButton()[pri:1, instance:seleniumFramework.PracticePage@5884a914]" started-at="2025-04-17T13:40:27 IST" name="radioButton" finished-at="2025-04-17T13:40:29 IST" duration-ms="1293" status="PASS">
          <reporter-output>
          </reporter-output>
        </test-method> <!-- radioButton -->
        <test-method signature="suggestions()[pri:2, instance:seleniumFramework.PracticePage@5884a914]" started-at="2025-04-17T13:40:29 IST" name="suggestions" finished-at="2025-04-17T13:40:29 IST" duration-ms="801" status="PASS">
          <reporter-output>
          </reporter-output>
        </test-method> <!-- suggestions -->
        <test-method signature="dropdown()[pri:3, instance:seleniumFramework.PracticePage@5884a914]" started-at="2025-04-17T13:40:29 IST" name="dropdown" finished-at="2025-04-17T13:40:30 IST" duration-ms="568" status="PASS">
          <reporter-output>
          </reporter-output>
        </test-method> <!-- dropdown -->
        <test-method signature="checkbox()[pri:4, instance:seleniumFramework.PracticePage@5884a914]" started-at="2025-04-17T13:40:30 IST" name="checkbox" finished-at="2025-04-17T13:40:30 IST" duration-ms="454" status="PASS">
          <reporter-output>
          </reporter-output>
        </test-method> <!-- checkbox -->
        <test-method signature="windowHandles()[pri:5, instance:seleniumFramework.PracticePage@5884a914]" started-at="2025-04-17T13:40:30 IST" name="windowHandles" finished-at="2025-04-17T13:40:31 IST" duration-ms="1011" status="PASS">
          <reporter-output>
          </reporter-output>
        </test-method> <!-- windowHandles -->
        <test-method signature="switchTab()[pri:6, instance:seleniumFramework.PracticePage@5884a914]" started-at="2025-04-17T13:40:31 IST" name="switchTab" finished-at="2025-04-17T13:40:32 IST" duration-ms="299" status="PASS">
          <reporter-output>
          </reporter-output>
        </test-method> <!-- switchTab -->
        <test-method signature="alerts()[pri:7, instance:seleniumFramework.PracticePage@5884a914]" started-at="2025-04-17T13:40:32 IST" name="alerts" finished-at="2025-04-17T13:40:32 IST" duration-ms="517" status="PASS">
          <reporter-output>
          </reporter-output>
        </test-method> <!-- alerts -->
        <test-method signature="scrollAction()[pri:8, instance:seleniumFramework.PracticePage@5884a914]" started-at="2025-04-17T13:40:32 IST" name="scrollAction" finished-at="2025-04-17T13:40:32 IST" duration-ms="71" status="PASS">
          <reporter-output>
          </reporter-output>
        </test-method> <!-- scrollAction -->
        <test-method signature="elementVisibility()[pri:9, instance:seleniumFramework.PracticePage@5884a914]" started-at="2025-04-17T13:40:32 IST" name="elementVisibility" finished-at="2025-04-17T13:40:33 IST" duration-ms="640" status="PASS">
          <reporter-output>
          </reporter-output>
        </test-method> <!-- elementVisibility -->
        <test-method signature="mousehover()[pri:10, instance:seleniumFramework.PracticePage@5884a914]" started-at="2025-04-17T13:40:33 IST" name="mousehover" finished-at="2025-04-17T13:40:33 IST" duration-ms="305" status="PASS">
          <reporter-output>
          </reporter-output>
        </test-method> <!-- mousehover -->
        <test-method signature="frames()[pri:11, instance:seleniumFramework.PracticePage@5884a914]" started-at="2025-04-17T13:40:33 IST" name="frames" finished-at="2025-04-17T13:40:33 IST" duration-ms="121" status="PASS">
          <reporter-output>
          </reporter-output>
        </test-method> <!-- frames -->
        <test-method signature="table()[pri:12, instance:seleniumFramework.PracticePage@5884a914]" started-at="2025-04-17T13:40:33 IST" name="table" finished-at="2025-04-17T13:40:34 IST" duration-ms="209" status="PASS">
          <reporter-output>
          </reporter-output>
        </test-method> <!-- table -->
        <test-method is-config="true" signature="teardown()[pri:0, instance:seleniumFramework.PracticePage@5884a914]" started-at="2025-04-17T13:40:34 IST" name="teardown" finished-at="2025-04-17T13:40:38 IST" duration-ms="4654" status="PASS">
          <reporter-output>
          </reporter-output>
        </test-method> <!-- teardown -->
      </class> <!-- seleniumFramework.PracticePage -->
    </test> <!-- Test on firefox -->
  </suite> <!-- Suite -->
</testng-results>
